<?xml version="1.0" encoding="UTF-8"?>
<!-- Generated by org.testng.reporters.JUnitXMLReporter -->
<testsuite ignored="0" hostname="DESKTOP-A3C766P" failures="0" tests="13" name="Test" time="0.213" errors="0" timestamp="2023-07-18T15:31:31 IST">
  <testcase classname="Practice1.Distributedprgm" name="prgram1" time="0.013"/>
  <testcase classname="Practice1.Distributedprgm" name="prgram2" time="0.005"/>
  <testcase classname="Practice1.Distributedprgm" name="prgram3" time="0.003"/>
  <testcase classname="Practice1.Distributedprgm" name="prgram4" time="0.004"/>
  <testcase classname="Practice1.Distributedprgm" name="prgram5" time="0.004"/>
  <testcase classname="Practice1.Distributedprgm" name="prgram6" time="0.013"/>
  <testcase classname="Practice1.Sample" name="hello" time="0.004"/>
  <testcase classname="Practice1.Sample" name="hi" time="0.004"/>
  <testcase classname="Practice1.Demo" name="bye" time="0.003"/>
  <testcase classname="Practice1.Demo" name="good" time="0.003"/>
  <testcase classname="Practice1.Punter" name="asha" time="0.002"/>
  <testcase classname="Practice1.Punter" name="jyothi" time="0.002"/>
  <testcase classname="Practice1.Punter" name="kiran" time="0.002"/>
</testsuite> <!-- Test -->
