<?xml version="1.0" encoding="UTF-8"?>
<!-- Generated by org.testng.reporters.JUnitXMLReporter -->
<testsuite ignored="0" hostname="DESKTOP-A3C766P" failures="0" tests="9" name="Test_Runner1" time="0.148" errors="0" timestamp="2023-07-21T15:12:31 IST">
  <testcase classname="Practice1.Distributedprgm" name="login" time="0.017"/>
  <testcase classname="Practice1.Distributedprgm" name="prgram1" time="0.003"/>
  <testcase classname="Practice1.Distributedprgm" name="prgram2" time="0.002"/>
  <testcase classname="Practice1.Distributedprgm" name="prgram3" time="0.002"/>
  <testcase classname="Practice1.Distributedprgm" name="prgram4" time="0.001"/>
  <testcase classname="Practice1.Distributedprgm" name="prgram5" time="0.002"/>
  <testcase classname="Practice1.Distributedprgm" name="prgram6" time="0.009"/>
  <testcase classname="Practice1.Sample" name="hello" time="0.005"/>
  <testcase classname="Practice1.Sample" name="hi" time="0.003"/>
</testsuite> <!-- Test_Runner1 -->
