<?xml version="1.0" encoding="UTF-8"?>
<!-- Generated by org.testng.reporters.JUnitXMLReporter -->
<testsuite ignored="0" hostname="DESKTOP-A3C766P" failures="0" tests="5" name="Test_Runner2 " time="0.14" errors="0" timestamp="2023-07-21T15:12:31 IST">
  <testcase classname="Practice1.Demo" name="bye" time="0.019"/>
  <testcase classname="Practice1.Demo" name="good" time="0.003"/>
  <testcase classname="Practice1.Punter" name="asha" time="0.005"/>
  <testcase classname="Practice1.Punter" name="jyothi" time="0.016"/>
  <testcase classname="Practice1.Punter" name="kiran" time="0.008"/>
</testsuite> <!-- Test_Runner2  -->
